<?xml version="1.0" encoding="UTF-8"?>
<!-- Generated by org.testng.reporters.JUnitReportReporter -->
<testsuite skipped="0" hostname="JaiVyas-PC" name="allocator.TestRunner" tests="1" failures="0" timestamp="03 Jun 2019 04:24:08 GMT" time="0.031" errors="0">
  <testcase name="feature" time="0.031" classname="allocator.TestRunner"/>
</testsuite> <!-- allocator.TestRunner -->
